<?xml version="1.0" encoding="UTF-8"?>
<!-- Generated by org.testng.reporters.JUnitReportReporter -->
<testsuite hostname="DESKTOP-3D2T8OP" failures="0" tests="3" name="testNGPractice.NewTest" time="0.039" errors="0" timestamp="2022-09-10T15:26:08 IST" skipped="0">
  <testcase classname="testNGPractice.NewTest" name="h" time="0.030"/>
  <system-out/>
  <testcase classname="testNGPractice.NewTest" name="g" time="0.004"/>
  <system-out/>
  <testcase classname="testNGPractice.NewTest" name="f" time="0.005"/>
  <system-out/>
</testsuite> <!-- testNGPractice.NewTest -->
